2020-10-01 19:43:57,815 - numexpr.utils - INFO - NumExpr defaulting to 2 threads.
2020-10-01 19:43:58,235 - __main__ - INFO - train len - 36000 valid len - 4000
2020-10-01 19:44:09,003 - __main__ - INFO - STARTING TRAINING
2020-10-01 19:44:09,003 - __main__ - INFO - epochs = 0
2020-10-01 19:44:09,901 - engine - INFO - bi=0, Train F1=0.53,Train loss=0.6991896629333496, time=0.7138268947601318
2020-10-01 19:44:20,530 - engine - INFO - bi=10, Train F1=0.543,Train loss=0.6911095976829529, time=11.199699640274048
2020-10-01 19:44:31,145 - engine - INFO - bi=20, Train F1=0.68,Train loss=0.6752877235412598, time=21.815726041793823
2020-10-01 19:44:41,718 - engine - INFO - bi=30, Train F1=0.608,Train loss=0.6970019340515137, time=32.38827180862427
2020-10-01 19:44:52,298 - engine - INFO - bi=40, Train F1=0.579,Train loss=0.6947686076164246, time=42.968154430389404
2020-10-01 19:45:02,880 - engine - INFO - bi=50, Train F1=0.592,Train loss=0.684863269329071, time=53.550036907196045
2020-10-01 19:45:13,460 - engine - INFO - bi=60, Train F1=0.586,Train loss=0.6932944655418396, time=64.14357376098633
2020-10-01 19:45:24,041 - engine - INFO - bi=70, Train F1=0.617,Train loss=0.6998512148857117, time=74.72648477554321
2020-10-01 19:45:34,628 - engine - INFO - bi=80, Train F1=0.549,Train loss=0.7077481150627136, time=85.29908156394958
2020-10-01 19:45:45,201 - engine - INFO - bi=90, Train F1=0.574,Train loss=0.7028691172599792, time=95.87189054489136
2020-10-01 19:45:55,795 - engine - INFO - bi=100, Train F1=0.577,Train loss=0.691892147064209, time=106.4656081199646
2020-10-01 19:46:06,373 - engine - INFO - bi=110, Train F1=0.595,Train loss=0.688335120677948, time=117.0432493686676
2020-10-01 19:46:16,972 - engine - INFO - bi=120, Train F1=0.578,Train loss=0.6837486028671265, time=127.64239192008972
2020-10-01 19:46:27,551 - engine - INFO - bi=130, Train F1=0.605,Train loss=0.6876459121704102, time=138.2219340801239
2020-10-01 19:46:38,135 - engine - INFO - bi=140, Train F1=0.562,Train loss=0.7004450559616089, time=148.80548071861267
2020-10-01 19:46:48,727 - engine - INFO - bi=150, Train F1=0.622,Train loss=0.6894993782043457, time=159.42605924606323
2020-10-01 19:46:59,319 - engine - INFO - bi=160, Train F1=0.599,Train loss=0.6952545046806335, time=169.98936915397644
2020-10-01 19:47:09,928 - engine - INFO - bi=170, Train F1=0.583,Train loss=0.6950267553329468, time=180.5984447002411
2020-10-01 19:47:20,495 - engine - INFO - bi=180, Train F1=0.605,Train loss=0.6851058006286621, time=191.15795397758484
2020-10-01 19:47:35,638 - engine - INFO - bi=31, Avg_val F1=0.6441720724105835, Avg_val loss=0.6920767426490784 ,time=7.368812799453735
2020-10-01 19:47:35,638 - __main__ - INFO - epochs = 1
2020-10-01 19:47:36,322 - engine - INFO - bi=0, Train F1=0.579,Train loss=0.6901995539665222, time=0.4170963764190674
2020-10-01 19:47:46,931 - engine - INFO - bi=10, Train F1=0.509,Train loss=0.7159422636032104, time=10.966296195983887
2020-10-01 19:47:57,546 - engine - INFO - bi=20, Train F1=0.598,Train loss=0.6845393180847168, time=21.58135223388672
2020-10-01 19:48:08,138 - engine - INFO - bi=30, Train F1=0.599,Train loss=0.6985718607902527, time=32.173285245895386
2020-10-01 19:48:18,729 - engine - INFO - bi=40, Train F1=0.562,Train loss=0.6966831088066101, time=42.764793395996094
2020-10-01 19:48:29,344 - engine - INFO - bi=50, Train F1=0.581,Train loss=0.6910308599472046, time=53.38208842277527
2020-10-01 19:48:39,925 - engine - INFO - bi=60, Train F1=0.57,Train loss=0.6930901408195496, time=63.96123647689819
2020-10-01 19:48:50,515 - engine - INFO - bi=70, Train F1=0.553,Train loss=0.7011749148368835, time=74.54986548423767
2020-10-01 19:49:01,108 - engine - INFO - bi=80, Train F1=0.55,Train loss=0.6951815485954285, time=85.14401841163635
2020-10-01 19:49:11,693 - engine - INFO - bi=90, Train F1=0.553,Train loss=0.7027174830436707, time=95.729496717453
2020-10-01 19:49:22,275 - engine - INFO - bi=100, Train F1=0.604,Train loss=0.693335235118866, time=106.31069374084473
2020-10-01 19:49:32,861 - engine - INFO - bi=110, Train F1=0.594,Train loss=0.6889837980270386, time=116.89732241630554
2020-10-01 19:49:43,449 - engine - INFO - bi=120, Train F1=0.536,Train loss=0.711521327495575, time=127.48426699638367
2020-10-01 19:49:54,031 - engine - INFO - bi=130, Train F1=0.54,Train loss=0.6957836151123047, time=138.06719136238098
2020-10-01 19:50:04,611 - engine - INFO - bi=140, Train F1=0.561,Train loss=0.6931759715080261, time=148.64633750915527
2020-10-01 19:50:15,180 - engine - INFO - bi=150, Train F1=0.558,Train loss=0.6979020833969116, time=159.21523666381836
2020-10-01 19:50:25,771 - engine - INFO - bi=160, Train F1=0.596,Train loss=0.6932158470153809, time=169.8070147037506
2020-10-01 19:50:36,373 - engine - INFO - bi=170, Train F1=0.588,Train loss=0.702643096446991, time=180.4091284275055
2020-10-01 19:50:46,960 - engine - INFO - bi=180, Train F1=0.594,Train loss=0.6896017789840698, time=190.98744750022888
2020-10-01 19:51:02,120 - engine - INFO - bi=31, Avg_val F1=0.6441720724105835, Avg_val loss=0.6920767426490784 ,time=7.3694586753845215
